c:\users\student\documents\ぷろぐらむ\game_base\debug\vc142.pdb
c:\users\student\documents\ぷろぐらむ\game_base\debug\vc142.idb
c:\users\student\documents\ぷろぐらむ\game_base\debug\tool.obj
c:\users\student\documents\ぷろぐらむ\game_base\debug\scope.obj
c:\users\student\documents\ぷろぐらむ\game_base\debug\scene.obj
c:\users\student\documents\ぷろぐらむ\game_base\debug\renderer.obj
c:\users\student\documents\ぷろぐらむ\game_base\debug\playerx.obj
c:\users\student\documents\ぷろぐらむ\game_base\debug\player.obj
c:\users\student\documents\ぷろぐらむ\game_base\debug\objectx.obj
c:\users\student\documents\ぷろぐらむ\game_base\debug\object3d.obj
c:\users\student\documents\ぷろぐらむ\game_base\debug\object2d.obj
c:\users\student\documents\ぷろぐらむ\game_base\debug\object.obj
c:\users\student\documents\ぷろぐらむ\game_base\debug\manager.obj
c:\users\student\documents\ぷろぐらむ\game_base\debug\main.obj
c:\users\student\documents\ぷろぐらむ\game_base\debug\light.obj
c:\users\student\documents\ぷろぐらむ\game_base\debug\billboard.obj
c:\users\student\documents\ぷろぐらむ\game_base\debug\input.obj
c:\users\student\documents\ぷろぐらむ\game_base\debug\gimic.obj
c:\users\student\documents\ぷろぐらむ\game_base\debug\collision.obj
c:\users\student\documents\ぷろぐらむ\game_base\debug\camera.obj
c:\users\student\documents\ぷろぐらむ\game_base\debug\bullet.obj
c:\users\student\documents\ぷろぐらむ\game_base\debug\block.obj
c:\users\student\documents\ぷろぐらむ\game_base\debug\stage.obj
c:\users\student\documents\ぷろぐらむ\game_base\debug\game_base.exe
c:\users\student\documents\ぷろぐらむ\game_base\debug\game_base.ilk
c:\users\student\documents\ぷろぐらむ\game_base\debug\game_base.pdb
c:\users\student\documents\ぷろぐらむ\game_base\debug\game_base.tlog\cl.command.1.tlog
c:\users\student\documents\ぷろぐらむ\game_base\debug\game_base.tlog\cl.read.1.tlog
c:\users\student\documents\ぷろぐらむ\game_base\debug\game_base.tlog\cl.write.1.tlog
c:\users\student\documents\ぷろぐらむ\game_base\debug\game_base.tlog\link.command.1.tlog
c:\users\student\documents\ぷろぐらむ\game_base\debug\game_base.tlog\link.read.1.tlog
c:\users\student\documents\ぷろぐらむ\game_base\debug\game_base.tlog\link.write.1.tlog
